\BOOKMARK [1][-]{chapter*.2}{Vorwort}{}% 1
\BOOKMARK [0][-]{chapter.1}{Einleitung}{}% 2
\BOOKMARK [1][-]{section.1.1}{Mathematik als eine Computersprache}{chapter.1}% 3
\BOOKMARK [2][-]{subsection.1.1.1}{Ist die Mathematik \214benutzerfreundlich\215?}{section.1.1}% 4
\BOOKMARK [2][-]{subsection.1.1.2}{Mathematik und der Nichtfachmann}{section.1.1}% 5
\BOOKMARK [2][-]{subsection.1.1.3}{Ein unm\366glicher Traum?}{section.1.1}% 6
\BOOKMARK [2][-]{subsection.1.1.4}{Sch\366nheit}{section.1.1}% 7
\BOOKMARK [2][-]{subsection.1.1.5}{Einfachheit}{section.1.1}% 8
\BOOKMARK [2][-]{subsection.1.1.6}{Strenge}{section.1.1}% 9
\BOOKMARK [1][-]{section.1.2}{Computer und Mathematiker}{chapter.1}% 10
\BOOKMARK [2][-]{subsection.1.2.1}{Dem Computer vertrauen}{section.1.2}% 11
\BOOKMARK [2][-]{subsection.1.2.2}{Dem Mathematiker vetrauen}{section.1.2}% 12
\BOOKMARK [1][-]{section.1.3}{Der Einsatz von Computern in der Mathematik}{chapter.1}% 13
\BOOKMARK [2][-]{subsection.1.3.1}{Computeralgebrasysteme}{section.1.3}% 14
\BOOKMARK [2][-]{subsection.1.3.2}{Automatische Theorembeweiser}{section.1.3}% 15
\BOOKMARK [2][-]{subsection.1.3.3}{Interaktive Theorembeweiser}{section.1.3}% 16
\BOOKMARK [2][-]{subsection.1.3.4}{Beweisverifizierer}{section.1.3}% 17
\BOOKMARK [2][-]{subsection.1.3.5}{Erstellung einer Datenbasis f\374r formalisierte Mathematik}{section.1.3}% 18
\BOOKMARK [2][-]{subsection.1.3.6}{Zusammenfassung}{section.1.3}% 19
\BOOKMARK [1][-]{section.1.4}{Die Mathematik und Metamath}{chapter.1}% 20
\BOOKMARK [2][-]{subsection.1.4.1}{Standard-Mathematik}{section.1.4}% 21
\BOOKMARK [2][-]{subsection.1.4.2}{Andere formale Systeme}{section.1.4}% 22
\BOOKMARK [2][-]{subsection.1.4.3}{Metamath und seine Philosophie}{section.1.4}% 23
\BOOKMARK [2][-]{subsection.1.4.4}{Die Hintergr\374nde des Metamath-Ansatzes}{section.1.4}% 24
\BOOKMARK [2][-]{subsection.1.4.5}{Metamath und die Logik erster Ordnung}{section.1.4}% 25
\BOOKMARK [0][-]{chapter.2}{Verwendung des Metamath-Programms}{}% 26
\BOOKMARK [1][-]{section.2.1}{Installation}{chapter.2}% 27
\BOOKMARK [1][-]{section.2.2}{Ihr erstes formales System}{chapter.2}% 28
\BOOKMARK [2][-]{subsection.2.2.1}{Vom Nichts zur Zahl Null}{section.2.2}% 29
\BOOKMARK [2][-]{subsection.2.2.2}{Konvertierung des Beweises nach Metamath}{section.2.2}% 30
\BOOKMARK [1][-]{section.2.3}{Ein Probelauf}{chapter.2}% 31
\BOOKMARK [2][-]{subsection.2.3.1}{Einige Hinweise zur Verwendung der Befehlszeilenschnittstelle}{section.2.3}% 32
\BOOKMARK [1][-]{section.2.4}{Ihr erster Beweis}{chapter.2}% 33
\BOOKMARK [1][-]{section.2.5}{99993em.5Hinweise zur Bearbeitung einer Datenbasis}{chapter.2}% 34
\BOOKMARK [0][-]{chapter.3}{Abstrakte Mathematik enth\374llt}{}% 35
\BOOKMARK [1][-]{section.3.1}{Logik und Mengenlehre}{chapter.3}% 36
\BOOKMARK [1][-]{section.3.2}{Die Axiome f\374r die gesamte Mathematik}{chapter.3}% 37
\BOOKMARK [2][-]{subsection.3.2.1}{Aussagenlogik}{section.3.2}% 38
\BOOKMARK [2][-]{subsection.3.2.2}{Pr\344dikatenlogik}{section.3.2}% 39
\BOOKMARK [2][-]{subsection.3.2.3}{Mengenlehre}{section.3.2}% 40
\BOOKMARK [2][-]{subsection.3.2.4}{Andere Axiome}{section.3.2}% 41
\BOOKMARK [1][-]{section.3.3}{Die Axiome in der Metamath-Sprache}{chapter.3}% 42
\BOOKMARK [2][-]{subsection.3.3.1}{Aussagenlogik}{section.3.3}% 43
\BOOKMARK [2][-]{subsection.3.3.2}{Axiome der Pr\344dikatenlogik mit Gleichheit\204 Tarskis S2}{section.3.3}% 44
\BOOKMARK [2][-]{subsection.3.3.3}{Axiome der Pr\344dikatenlogik mit Gleichheit\204 Hilfsaxiome}{section.3.3}% 45
\BOOKMARK [2][-]{subsection.3.3.4}{Mengenlehre}{section.3.3}% 46
\BOOKMARK [2][-]{subsection.3.3.5}{Das war's}{section.3.3}% 47
\BOOKMARK [1][-]{section.3.4}{Eine Hierarchie von Definitionen}{chapter.3}% 48
\BOOKMARK [2][-]{subsection.3.4.1}{Definitionen f\374r die Aussagenlogik}{section.3.4}% 49
\BOOKMARK [2][-]{subsection.3.4.2}{Definitionen f\374r die Pr\344dikatenlogik}{section.3.4}% 50
\BOOKMARK [2][-]{subsection.3.4.3}{Definitionen f\374r die Mengenlehre}{section.3.4}% 51
\BOOKMARK [1][-]{section.3.5}{Tricks des Verfahrens}{chapter.3}% 52
\BOOKMARK [1][-]{section.3.6}{Einige Beispiele f\374r Theoreme}{chapter.3}% 53
\BOOKMARK [1][-]{section.3.7}{Axiome f\374r reelle und komplexe Zahlen}{chapter.3}% 54
\BOOKMARK [2][-]{subsection.3.7.1}{Die Axiome f\374r reelle und komplexe Zahlen selbst}{section.3.7}% 55
\BOOKMARK [2][-]{subsection.3.7.2}{Axiome f\374r komplexe Zahlen in Texten zur Analysis}{section.3.7}% 56
\BOOKMARK [2][-]{subsection.3.7.3}{Beseitigung unn\366tiger Axiome f\374r komplexe Zahlen}{section.3.7}% 57
\BOOKMARK [1][-]{section.3.8}{Zwei plus zwei ist gleich vier}{chapter.3}% 58
\BOOKMARK [1][-]{section.3.9}{Deduktion}{chapter.3}% 59
\BOOKMARK [2][-]{subsection.3.9.1}{Das Standard-Deduktionstheorem}{section.3.9}% 60
\BOOKMARK [2][-]{subsection.3.9.2}{Das Theorem der schwachen Deduktion}{section.3.9}% 61
\BOOKMARK [2][-]{subsection.3.9.3}{Deduktionsstil}{section.3.9}% 62
\BOOKMARK [2][-]{subsection.3.9.4}{Nat\374rliche Deduktion}{section.3.9}% 63
\BOOKMARK [2][-]{subsection.3.9.5}{Die St\344rken unseres Ansatzes}{section.3.9}% 64
\BOOKMARK [1][-]{section.3.10}{Erforschung der Mengenlehre-Datenbasis}{chapter.3}% 65
\BOOKMARK [2][-]{subsection.3.10.1}{Eine Anmerkung zum \214kompakten\215 Beweisformat}{section.3.10}% 66
\BOOKMARK [0][-]{chapter.4}{Die Metamath-Sprache}{}% 67
\BOOKMARK [1][-]{section.4.1}{Spezifikation der Metamath-Sprache}{chapter.4}% 68
\BOOKMARK [2][-]{subsection.4.1.1}{Vorbereitungen}{section.4.1}% 69
\BOOKMARK [2][-]{subsection.4.1.2}{Vorverarbeitung}{section.4.1}% 70
\BOOKMARK [2][-]{subsection.4.1.3}{Grundlegende Syntax}{section.4.1}% 71
\BOOKMARK [2][-]{subsection.4.1.4}{Beweisverifizierung}{section.4.1}% 72
\BOOKMARK [1][-]{section.4.2}{Die grundlegenden Schl\374sselw\366rter}{chapter.4}% 73
\BOOKMARK [2][-]{subsection.4.2.1}{Benutzerdefinierte Tokens}{section.4.2}% 74
\BOOKMARK [2][-]{subsection.4.2.2}{Konstanten und Variablen}{section.4.2}% 75
\BOOKMARK [2][-]{subsection.4.2.3}{Die \044c- und \044v-Deklarationsanweisungen}{section.4.2}% 76
\BOOKMARK [2][-]{subsection.4.2.4}{Die \044d-Anweisung}{section.4.2}% 77
\BOOKMARK [2][-]{subsection.4.2.5}{Die \044f- und \044e-Anweisungen}{section.4.2}% 78
\BOOKMARK [2][-]{subsection.4.2.6}{Behauptungen \(\044a- und \044p-Anweisungen\)}{section.4.2}% 79
\BOOKMARK [2][-]{subsection.4.2.7}{Frames}{section.4.2}% 80
\BOOKMARK [2][-]{subsection.4.2.8}{G\374ltigkeitsbereichsanweisungen \(\044\173 und \044\175\)}{section.4.2}% 81
\BOOKMARK [1][-]{section.4.3}{Die Anatomie eines Beweises}{chapter.4}% 82
\BOOKMARK [2][-]{subsection.4.3.1}{Das Konzept der Vereinheitlichung}{section.4.3}% 83
\BOOKMARK [1][-]{section.4.4}{Erweiterungen der Metamath-Sprache}{chapter.4}% 84
\BOOKMARK [2][-]{subsection.4.4.1}{Kommentare in der Metamath-Sprache}{section.4.4}% 85
\BOOKMARK [2][-]{subsection.4.4.2}{Der Schriftsatz-Kommentar \(\044t\)}{section.4.4}% 86
\BOOKMARK [2][-]{subsection.4.4.3}{Zusatzinformationskommentar \(\044j\)}{section.4.4}% 87
\BOOKMARK [2][-]{subsection.4.4.4}{Einbindung anderer Dateien in eine Metamath-Quelldatei}{section.4.4}% 88
\BOOKMARK [2][-]{subsection.4.4.5}{Komprimiertes Beweisformat}{section.4.4}% 89
\BOOKMARK [2][-]{subsection.4.4.6}{Unbekannte Beweise oder Teilbeweise}{section.4.4}% 90
\BOOKMARK [1][-]{section.4.5}{Axiome vs. Definitionen}{chapter.4}% 91
\BOOKMARK [2][-]{subsection.4.5.1}{Was ist eine Definition?}{section.4.5}% 92
\BOOKMARK [2][-]{subsection.4.5.2}{Der Ansatz f\374r Definitionen in set.mm}{section.4.5}% 93
\BOOKMARK [2][-]{subsection.4.5.3}{Hinzuf\374gen von Einschr\344nkungen f\374r Definitionen}{section.4.5}% 94
\BOOKMARK [2][-]{subsection.4.5.4}{Zusammenfassung des Metamath-Ansatzes f\374r Definitionen}{section.4.5}% 95
\BOOKMARK [0][-]{chapter.5}{Das Metamath-Programm}{}% 96
\BOOKMARK [1][-]{section.5.1}{Aufruf von Metamath}{chapter.5}% 97
\BOOKMARK [1][-]{section.5.2}{Steuerung von Metamath}{chapter.5}% 98
\BOOKMARK [2][-]{subsection.5.2.1}{exit-Befehl}{section.5.2}% 99
\BOOKMARK [2][-]{subsection.5.2.2}{open log-Befehl}{section.5.2}% 100
\BOOKMARK [2][-]{subsection.5.2.3}{close log-Befehl}{section.5.2}% 101
\BOOKMARK [2][-]{subsection.5.2.4}{submit-Befehl}{section.5.2}% 102
\BOOKMARK [2][-]{subsection.5.2.5}{erase-Befehl}{section.5.2}% 103
\BOOKMARK [2][-]{subsection.5.2.6}{set echo-Befehl}{section.5.2}% 104
\BOOKMARK [2][-]{subsection.5.2.7}{set scroll-Befehl}{section.5.2}% 105
\BOOKMARK [2][-]{subsection.5.2.8}{set width-Befehl}{section.5.2}% 106
\BOOKMARK [2][-]{subsection.5.2.9}{set height-Befehl}{section.5.2}% 107
\BOOKMARK [2][-]{subsection.5.2.10}{beep-Befehl}{section.5.2}% 108
\BOOKMARK [2][-]{subsection.5.2.11}{more-Befehl}{section.5.2}% 109
\BOOKMARK [2][-]{subsection.5.2.12}{Betriebssystem-Befehle}{section.5.2}% 110
\BOOKMARK [2][-]{subsection.5.2.13}{Gr\366\337enbeschr\344nkungen in Metamath}{section.5.2}% 111
\BOOKMARK [1][-]{section.5.3}{Lesen und Schreiben von Dateien}{chapter.5}% 112
\BOOKMARK [2][-]{subsection.5.3.1}{read-Befehl}{section.5.3}% 113
\BOOKMARK [2][-]{subsection.5.3.2}{write source-Befehl}{section.5.3}% 114
\BOOKMARK [1][-]{section.5.4}{Anzeige von Status und Anweisungen}{chapter.5}% 115
\BOOKMARK [2][-]{subsection.5.4.1}{show settings-Befehl}{section.5.4}% 116
\BOOKMARK [2][-]{subsection.5.4.2}{show memory-Befehl}{section.5.4}% 117
\BOOKMARK [2][-]{subsection.5.4.3}{show labels-Befehl}{section.5.4}% 118
\BOOKMARK [2][-]{subsection.5.4.4}{show statement-Befehl}{section.5.4}% 119
\BOOKMARK [2][-]{subsection.5.4.5}{search-Befehl}{section.5.4}% 120
\BOOKMARK [1][-]{section.5.5}{Anzeigen und Verifizieren von Beweisen}{chapter.5}% 121
\BOOKMARK [2][-]{subsection.5.5.1}{show proof-Befehl}{section.5.5}% 122
\BOOKMARK [2][-]{subsection.5.5.2}{show usage-Befehl}{section.5.5}% 123
\BOOKMARK [2][-]{subsection.5.5.3}{show trace\137back-Befehl}{section.5.5}% 124
\BOOKMARK [2][-]{subsection.5.5.4}{verify proof-Befehl}{section.5.5}% 125
\BOOKMARK [2][-]{subsection.5.5.5}{verify markup-Befehl}{section.5.5}% 126
\BOOKMARK [2][-]{subsection.5.5.6}{save proof-Befehl}{section.5.5}% 127
\BOOKMARK [1][-]{section.5.6}{Beweise erstellen}{chapter.5}% 128
\BOOKMARK [2][-]{subsection.5.6.1}{prove-Befehl}{section.5.6}% 129
\BOOKMARK [2][-]{subsection.5.6.2}{set unification\137timeout-Befehl}{section.5.6}% 130
\BOOKMARK [2][-]{subsection.5.6.3}{set empty\137substitution-Befehl}{section.5.6}% 131
\BOOKMARK [2][-]{subsection.5.6.4}{set search\137limit-Befehl}{section.5.6}% 132
\BOOKMARK [2][-]{subsection.5.6.5}{show new\137proof-Befehl}{section.5.6}% 133
\BOOKMARK [2][-]{subsection.5.6.6}{assign-Befehl}{section.5.6}% 134
\BOOKMARK [2][-]{subsection.5.6.7}{match-Befehl}{section.5.6}% 135
\BOOKMARK [2][-]{subsection.5.6.8}{let-Befehl}{section.5.6}% 136
\BOOKMARK [2][-]{subsection.5.6.9}{unify-Befehl}{section.5.6}% 137
\BOOKMARK [2][-]{subsection.5.6.10}{initialize-Befehl}{section.5.6}% 138
\BOOKMARK [2][-]{subsection.5.6.11}{delete-Befehl}{section.5.6}% 139
\BOOKMARK [2][-]{subsection.5.6.12}{improve-Befehl}{section.5.6}% 140
\BOOKMARK [2][-]{subsection.5.6.13}{save new\137proof-Befehl}{section.5.6}% 141
\BOOKMARK [1][-]{section.5.7}{Erstellen von LaTeX-Ausgaben}{chapter.5}% 142
\BOOKMARK [2][-]{subsection.5.7.1}{open tex-Befehl}{section.5.7}% 143
\BOOKMARK [2][-]{subsection.5.7.2}{close tex-Befehl}{section.5.7}% 144
\BOOKMARK [1][-]{section.5.8}{Erstellen von HTML-Ausgaben}{chapter.5}% 145
\BOOKMARK [2][-]{subsection.5.8.1}{write theorem\137list -Befehl}{section.5.8}% 146
\BOOKMARK [2][-]{subsection.5.8.2}{write bibliography -Befehl}{section.5.8}% 147
\BOOKMARK [2][-]{subsection.5.8.3}{write recent\137additions -Befehl}{section.5.8}% 148
\BOOKMARK [1][-]{section.5.9}{Text File Utilities}{chapter.5}% 149
\BOOKMARK [2][-]{subsection.5.9.1}{tools-Befehl}{section.5.9}% 150
\BOOKMARK [2][-]{subsection.5.9.2}{help-Befehl \(in tools\)}{section.5.9}% 151
\BOOKMARK [2][-]{subsection.5.9.3}{Verwendung von tools zur Erstellung von Metamath submit-Skripten}{section.5.9}% 152
\BOOKMARK [2][-]{subsection.5.9.4}{Beispiel f\374r eine tools-Sitzung}{section.5.9}% 153
\BOOKMARK [0][-]{appendix.A}{Beispielhafte Darstellungen}{}% 154
\BOOKMARK [0][-]{appendix.B}{Komprimierte Beweise}{}% 155
\BOOKMARK [0][-]{appendix.C}{Das formale System von Metamath}{}% 156
\BOOKMARK [1][-]{section.C.1}{Einf\374hrung}{appendix.C}% 157
\BOOKMARK [1][-]{section.C.2}{Die formale Beschreibung}{appendix.C}% 158
\BOOKMARK [2][-]{subsection.C.2.1}{Vorbereitende Ma\337nahmen}{section.C.2}% 159
\BOOKMARK [2][-]{subsection.C.2.2}{Konstanten, Variablen und Ausdr\374cke}{section.C.2}% 160
\BOOKMARK [2][-]{subsection.C.2.3}{Substitution}{section.C.2}% 161
\BOOKMARK [2][-]{subsection.C.2.4}{Aussagen}{section.C.2}% 162
\BOOKMARK [2][-]{subsection.C.2.5}{Formale Systeme}{section.C.2}% 163
\BOOKMARK [1][-]{section.C.3}{Beispiele f\374r formale Systeme}{appendix.C}% 164
\BOOKMARK [2][-]{subsection.C.3.1}{Beispiel 1 \204 Aussagenlogik}{section.C.3}% 165
\BOOKMARK [2][-]{subsection.C.3.2}{Beispiel 2 \204 Pr\344dikatenlogik mit Gleichheit}{section.C.3}% 166
\BOOKMARK [2][-]{subsection.C.3.3}{Freie Variablen und echte Substitution}{section.C.3}% 167
\BOOKMARK [2][-]{subsection.C.3.4}{Metalogische Vollst\344ndigkeit}{section.C.3}% 168
\BOOKMARK [2][-]{subsection.C.3.5}{Beispiel 3 \204 Metalogisch vollst\344ndige Pr\344dikatenlogik mit Gleichheit}{section.C.3}% 169
\BOOKMARK [2][-]{subsection.C.3.6}{Beispiel 4 \204 Hinzuf\374gen von Definitionen}{section.C.3}% 170
\BOOKMARK [2][-]{subsection.C.3.7}{Beispiel 5 \204 ZFC Mengenlehre}{section.C.3}% 171
\BOOKMARK [2][-]{subsection.C.3.8}{Beispiel 6 \204 Begriff der Klasse in der Mengenlehre}{section.C.3}% 172
\BOOKMARK [1][-]{section.C.4}{Metamath als formales System}{appendix.C}% 173
\BOOKMARK [0][-]{appendix.D}{Das MIU-System}{}% 174
\BOOKMARK [0][-]{appendix.E}{Metamath-Sprache EBNF}{}% 175
\BOOKMARK [0][-]{appendix.F}{Metamath 100}{}% 176
\BOOKMARK [0][-]{appendix.G}{Glossar}{}% 177
\BOOKMARK [1][-]{section.G.1}{Deutsch - Englisch}{appendix.G}% 178
\BOOKMARK [1][-]{section.G.2}{Englisch - Deutsch}{appendix.G}% 179
\BOOKMARK [0][-]{section*.45}{Literaturverzeichnis}{}% 180
\BOOKMARK [0][-]{section*.47}{Index}{}% 181
