This is pdfTeX, Version 3.14159265-2.6-1.40.20 (MiKTeX 2.9.6960 64-bit) (preloaded format=pdflatex 2019.2.24)  7 DEC 2023 19:07
entering extended mode
**./metamath.tex
(metamath.tex
LaTeX2e <2018-12-01>

LaTeX Warning: File `realref.sty' already exists on the system.
               Not generating it from this source.


LaTeX Warning: File `metamath.bib' already exists on the system.
               Not generating it from this source.

("C:\Users\Alexander\AppData\Local\Programs\MiKTeX 2.9\tex/latex/base\book.cls"
Document Class: book 2018/09/03 v1.4i Standard LaTeX document class
("C:\Users\Alexander\AppData\Local\Programs\MiKTeX 2.9\tex/latex/base\leqno.clo
"
File: leqno.clo 2016/12/29 v1.2b Standard LaTeX option (left equation numbers)
)
("C:\Users\Alexander\AppData\Local\Programs\MiKTeX 2.9\tex/latex/base\bk10.clo"
File: bk10.clo 2018/09/03 v1.4i Standard LaTeX file (size option)
)
\c@part=\count80
\c@chapter=\count81
\c@section=\count82
\c@subsection=\count83
\c@subsubsection=\count84
\c@paragraph=\count85
\c@subparagraph=\count86
\c@figure=\count87
\c@table=\count88
\abovecaptionskip=\skip41
\belowcaptionskip=\skip42
\bibindent=\dimen102
)
("C:\Users\Alexander\AppData\Local\Programs\MiKTeX 2.9\tex/latex/hyperref\hyper
ref.sty"
Package: hyperref 2018/11/30 v6.88e Hypertext links for LaTeX

("C:\Users\Alexander\AppData\Local\Programs\MiKTeX 2.9\tex/generic/oberdiek\hob
sub-hyperref.sty"
Package: hobsub-hyperref 2016/05/16 v1.14 Bundle oberdiek, subset hyperref (HO)


("C:\Users\Alexander\AppData\Local\Programs\MiKTeX 2.9\tex/generic/oberdiek\hob
sub-generic.sty"
Package: hobsub-generic 2016/05/16 v1.14 Bundle oberdiek, subset generic (HO)
Package: hobsub 2016/05/16 v1.14 Construct package bundles (HO)
Package: infwarerr 2016/05/16 v1.4 Providing info/warning/error messages (HO)
Package: ltxcmds 2016/05/16 v1.23 LaTeX kernel commands for general use (HO)
Package: ifluatex 2016/05/16 v1.4 Provides the ifluatex switch (HO)
Package ifluatex Info: LuaTeX not detected.
Package: ifvtex 2016/05/16 v1.6 Detect VTeX and its facilities (HO)
Package ifvtex Info: VTeX not detected.
Package: intcalc 2016/05/16 v1.2 Expandable calculations with integers (HO)
Package: ifpdf 2018/09/07 v3.3 Provides the ifpdf switch
Package: etexcmds 2016/05/16 v1.6 Avoid name clashes with e-TeX commands (HO)
Package: kvsetkeys 2016/05/16 v1.17 Key value parser (HO)
Package: kvdefinekeys 2016/05/16 v1.4 Define keys (HO)
Package: pdftexcmds 2018/09/10 v0.29 Utility functions of pdfTeX for LuaTeX (HO
)
Package pdftexcmds Info: LuaTeX not detected.
Package pdftexcmds Info: \pdf@primitive is available.
Package pdftexcmds Info: \pdf@ifprimitive is available.
Package pdftexcmds Info: \pdfdraftmode found.
Package: pdfescape 2016/05/16 v1.14 Implements pdfTeX's escape features (HO)
Package: bigintcalc 2016/05/16 v1.4 Expandable calculations on big integers (HO
)
Package: bitset 2016/05/16 v1.2 Handle bit-vector datatype (HO)
Package: uniquecounter 2016/05/16 v1.3 Provide unlimited unique counter (HO)
)
Package hobsub Info: Skipping package `hobsub' (already loaded).
Package: letltxmacro 2016/05/16 v1.5 Let assignment for LaTeX macros (HO)
Package: hopatch 2016/05/16 v1.3 Wrapper for package hooks (HO)
Package: xcolor-patch 2016/05/16 xcolor patch
Package: atveryend 2016/05/16 v1.9 Hooks at the very end of document (HO)
Package atveryend Info: \enddocument detected (standard20110627).
Package: atbegshi 2016/06/09 v1.18 At begin shipout hook (HO)
Package: refcount 2016/05/16 v3.5 Data extraction from label references (HO)
Package: hycolor 2016/05/16 v1.8 Color options for hyperref/bookmark (HO)
)
("C:\Users\Alexander\AppData\Local\Programs\MiKTeX 2.9\tex/latex/graphics\keyva
l.sty"
Package: keyval 2014/10/28 v1.15 key=value parser (DPC)
\KV@toks@=\toks14
)
("C:\Users\Alexander\AppData\Local\Programs\MiKTeX 2.9\tex/generic/ifxetex\ifxe
tex.sty"
Package: ifxetex 2010/09/12 v0.6 Provides ifxetex conditional
)
("C:\Users\Alexander\AppData\Local\Programs\MiKTeX 2.9\tex/latex/oberdiek\auxho
ok.sty"
Package: auxhook 2016/05/16 v1.4 Hooks for auxiliary files (HO)
)
("C:\Users\Alexander\AppData\Local\Programs\MiKTeX 2.9\tex/latex/oberdiek\kvopt
ions.sty"
Package: kvoptions 2016/05/16 v3.12 Key value format for package options (HO)
)
\@linkdim=\dimen103
\Hy@linkcounter=\count89
\Hy@pagecounter=\count90

("C:\Users\Alexander\AppData\Local\Programs\MiKTeX 2.9\tex/latex/hyperref\pd1en
c.def"
File: pd1enc.def 2018/11/30 v6.88e Hyperref: PDFDocEncoding definition (HO)
Now handling font encoding PD1 ...
... no UTF-8 mapping file for font encoding PD1
)
\Hy@SavedSpaceFactor=\count91

("C:\Users\Alexander\AppData\Local\Programs\MiKTeX 2.9\tex/latex/00miktex\hyper
ref.cfg"
File: hyperref.cfg 2002/06/06 v1.2 hyperref configuration of TeXLive
)
Package hyperref Info: Option `plainpages' set `false' on input line 4393.
Package hyperref Info: Option `pdfpagelabels' set `true' on input line 4393.
Package hyperref Info: Hyper figures OFF on input line 4519.
Package hyperref Info: Link nesting OFF on input line 4524.
Package hyperref Info: Hyper index ON on input line 4527.
Package hyperref Info: Plain pages OFF on input line 4534.
Package hyperref Info: Backreferencing OFF on input line 4539.
Package hyperref Info: Implicit mode ON; LaTeX internals redefined.
Package hyperref Info: Bookmarks ON on input line 4772.
\c@Hy@tempcnt=\count92

("C:\Users\Alexander\AppData\Local\Programs\MiKTeX 2.9\tex/latex/url\url.sty"
\Urlmuskip=\muskip10
Package: url 2013/09/16  ver 3.4  Verb mode for urls, etc.
)
LaTeX Info: Redefining \url on input line 5125.
\XeTeXLinkMargin=\dimen104
\Fld@menulength=\count93
\Field@Width=\dimen105
\Fld@charsize=\dimen106
Package hyperref Info: Hyper figures OFF on input line 6380.
Package hyperref Info: Link nesting OFF on input line 6385.
Package hyperref Info: Hyper index ON on input line 6388.
Package hyperref Info: backreferencing OFF on input line 6395.
Package hyperref Info: Link coloring OFF on input line 6400.
Package hyperref Info: Link coloring with OCG OFF on input line 6405.
Package hyperref Info: PDF/A mode OFF on input line 6410.
LaTeX Info: Redefining \ref on input line 6450.
LaTeX Info: Redefining \pageref on input line 6454.
\Hy@abspage=\count94
\c@Item=\count95
\c@Hfootnote=\count96
)
Package hyperref Info: Driver (autodetected): hpdftex.

("C:\Users\Alexander\AppData\Local\Programs\MiKTeX 2.9\tex/latex/hyperref\hpdft
ex.def"
File: hpdftex.def 2018/11/30 v6.88e Hyperref driver for pdfTeX
\Fld@listcount=\count97
\c@bookmark@seq@number=\count98

("C:\Users\Alexander\AppData\Local\Programs\MiKTeX 2.9\tex/latex/oberdiek\rerun
filecheck.sty"
Package: rerunfilecheck 2016/05/16 v1.8 Rerun checks for auxiliary files (HO)
Package uniquecounter Info: New unique counter `rerunfilecheck' on input line 2
82.
)
\Hy@SectionHShift=\skip43
)
("C:\Users\Alexander\AppData\Local\Programs\MiKTeX 2.9\tex/latex/needspace\need
space.sty"
Package: needspace 2010/09/12 v1.3d reserve vertical space
)
("C:\Users\Alexander\AppData\Local\Programs\MiKTeX 2.9\tex/latex/breqn\breqn.st
y"
("C:\Users\Alexander\AppData\Local\Programs\MiKTeX 2.9\tex/latex/l3kernel\expl3
.sty"
Package: expl3 2019-02-15 L3 programming layer (loader) 

("C:\Users\Alexander\AppData\Local\Programs\MiKTeX 2.9\tex/latex/l3kernel\expl3
-code.tex"
Package: expl3 2019-02-15 L3 programming layer (code)
\c_max_int=\count99
\l_tmpa_int=\count100
\l_tmpb_int=\count101
\g_tmpa_int=\count102
\g_tmpb_int=\count103
\g__kernel_prg_map_int=\count104
\c_log_iow=\count105
\l_iow_line_count_int=\count106
\l__iow_line_target_int=\count107
\l__iow_one_indent_int=\count108
\l__iow_indent_int=\count109
\c_zero_dim=\dimen107
\c_max_dim=\dimen108
\l_tmpa_dim=\dimen109
\l_tmpb_dim=\dimen110
\g_tmpa_dim=\dimen111
\g_tmpb_dim=\dimen112
\c_zero_skip=\skip44
\c_max_skip=\skip45
\l_tmpa_skip=\skip46
\l_tmpb_skip=\skip47
\g_tmpa_skip=\skip48
\g_tmpb_skip=\skip49
\c_zero_muskip=\muskip11
\c_max_muskip=\muskip12
\l_tmpa_muskip=\muskip13
\l_tmpb_muskip=\muskip14
\g_tmpa_muskip=\muskip15
\g_tmpb_muskip=\muskip16
\l_keys_choice_int=\count110
\l__intarray_loop_int=\count111
\c__intarray_sp_dim=\dimen113
\g__intarray_font_int=\count112
\c__fp_leading_shift_int=\count113
\c__fp_middle_shift_int=\count114
\c__fp_trailing_shift_int=\count115
\c__fp_big_leading_shift_int=\count116
\c__fp_big_middle_shift_int=\count117
\c__fp_big_trailing_shift_int=\count118
\c__fp_Bigg_leading_shift_int=\count119
\c__fp_Bigg_middle_shift_int=\count120
\c__fp_Bigg_trailing_shift_int=\count121
\c__kernel_randint_max_int=\count122
\g__fp_array_int=\count123
\l__fp_array_loop_int=\count124
\l__sort_length_int=\count125
\l__sort_min_int=\count126
\l__sort_top_int=\count127
\l__sort_max_int=\count128
\l__sort_true_max_int=\count129
\l__sort_block_int=\count130
\l__sort_begin_int=\count131
\l__sort_end_int=\count132
\l__sort_A_int=\count133
\l__sort_B_int=\count134
\l__sort_C_int=\count135
\l__tl_analysis_normal_int=\count136
\l__tl_analysis_index_int=\count137
\l__tl_analysis_nesting_int=\count138
\l__tl_analysis_type_int=\count139
\l__regex_internal_a_int=\count140
\l__regex_internal_b_int=\count141
\l__regex_internal_c_int=\count142
\l__regex_balance_int=\count143
\l__regex_group_level_int=\count144
\l__regex_mode_int=\count145
\c__regex_cs_in_class_mode_int=\count146
\c__regex_cs_mode_int=\count147
\l__regex_catcodes_int=\count148
\l__regex_default_catcodes_int=\count149
\c__regex_catcode_D_int=\count150
\c__regex_catcode_S_int=\count151
\c__regex_catcode_L_int=\count152
\c__regex_catcode_O_int=\count153
\c__regex_catcode_A_int=\count154
\c__regex_all_catcodes_int=\count155
\l__regex_show_lines_int=\count156
\l__regex_min_state_int=\count157
\l__regex_max_state_int=\count158
\l__regex_left_state_int=\count159
\l__regex_right_state_int=\count160
\l__regex_capturing_group_int=\count161
\l__regex_min_pos_int=\count162
\l__regex_max_pos_int=\count163
\l__regex_curr_pos_int=\count164
\l__regex_start_pos_int=\count165
\l__regex_success_pos_int=\count166
\l__regex_curr_char_int=\count167
\l__regex_curr_catcode_int=\count168
\l__regex_last_char_int=\count169
\l__regex_case_changed_char_int=\count170
\l__regex_curr_state_int=\count171
\l__regex_step_int=\count172
\l__regex_min_active_int=\count173
\l__regex_max_active_int=\count174
\l__regex_replacement_csnames_int=\count175
\l__regex_match_count_int=\count176
\l__regex_min_submatch_int=\count177
\l__regex_submatch_int=\count178
\l__regex_zeroth_submatch_int=\count179
\g__regex_trace_regex_int=\count180
\c_empty_box=\box27
\l_tmpa_box=\box28
\l_tmpb_box=\box29
\g_tmpa_box=\box30
\g_tmpb_box=\box31
\l__box_top_dim=\dimen114
\l__box_bottom_dim=\dimen115
\l__box_left_dim=\dimen116
\l__box_right_dim=\dimen117
\l__box_top_new_dim=\dimen118
\l__box_bottom_new_dim=\dimen119
\l__box_left_new_dim=\dimen120
\l__box_right_new_dim=\dimen121
\l__box_internal_box=\box32
\l__coffin_internal_box=\box33
\l__coffin_internal_dim=\dimen122
\l__coffin_offset_x_dim=\dimen123
\l__coffin_offset_y_dim=\dimen124
\l__coffin_x_dim=\dimen125
\l__coffin_y_dim=\dimen126
\l__coffin_x_prime_dim=\dimen127
\l__coffin_y_prime_dim=\dimen128
\c_empty_coffin=\box34
\l__coffin_aligned_coffin=\box35
\l__coffin_aligned_internal_coffin=\box36
\l_tmpa_coffin=\box37
\l_tmpb_coffin=\box38
\g_tmpa_coffin=\box39
\g_tmpb_coffin=\box40
\c__coffin_empty_coffin=\box41
\l__coffin_display_coffin=\box42
\l__coffin_display_coord_coffin=\box43
\l__coffin_display_pole_coffin=\box44
\l__coffin_display_offset_dim=\dimen129
\l__coffin_display_x_dim=\dimen130
\l__coffin_display_y_dim=\dimen131
\g__file_internal_ior=\read1
\l__coffin_bounding_shift_dim=\dimen132
\l__coffin_left_corner_dim=\dimen133
\l__coffin_right_corner_dim=\dimen134
\l__coffin_bottom_corner_dim=\dimen135
\l__coffin_top_corner_dim=\dimen136
\l__coffin_scaled_total_height_dim=\dimen137
\l__coffin_scaled_width_dim=\dimen138
\l__seq_internal_a_int=\count181
\l__seq_internal_b_int=\count182
)
("C:\Users\Alexander\AppData\Local\Programs\MiKTeX 2.9\tex/latex/l3kernel\l3pdf
mode.def"
File: l3pdfmode.def 2019-02-15 v L3 Experimental driver: PDF mode
\l__driver_color_stack_int=\count183
))
Package: breqn 2018/09/14 v0.98f Breaking equations

("C:\Users\Alexander\AppData\Local\Programs\MiKTeX 2.9\tex/latex/breqn\flexisym
.sty"
Package: flexisym 2017/01/27 v0.98e Make math characters macros
LaTeX Info: Redefining \textprime on input line 300.
LaTeX Info: Redefining \not on input line 358.

("C:\Users\Alexander\AppData\Local\Programs\MiKTeX 2.9\tex/latex/breqn\cmbase.s
ym"
File: cmbase.sym 2007/12/19 v0.92
LaTeX Info: Redefining \hbar on input line 325.
LaTeX Info: Redefining \surd on input line 327.
LaTeX Info: Redefining \angle on input line 335.
LaTeX Info: Redefining \neq on input line 336.
LaTeX Info: Redefining \mapsto on input line 337.
LaTeX Info: Redefining \cong on input line 338.
LaTeX Info: Redefining \notin on input line 341.
LaTeX Info: Redefining \rightleftharpoons on input line 342.
LaTeX Info: Redefining \doteq on input line 343.
LaTeX Info: Redefining \hookrightarrow on input line 344.
LaTeX Info: Redefining \hookleftarrow on input line 345.
LaTeX Info: Redefining \bowtie on input line 346.
LaTeX Info: Redefining \models on input line 347.
LaTeX Info: Redefining \Longrightarrow on input line 348.
LaTeX Info: Redefining \longrightarrow on input line 349.
LaTeX Info: Redefining \Longleftarrow on input line 350.
LaTeX Info: Redefining \longleftarrow on input line 351.
LaTeX Info: Redefining \longmapsto on input line 352.
LaTeX Info: Redefining \longleftrightarrow on input line 353.
LaTeX Info: Redefining \Longleftrightarrow on input line 354.
LaTeX Info: Redefining \cdots on input line 358.
LaTeX Info: Redefining \vdots on input line 361.
LaTeX Info: Redefining \ddots on input line 366.
)
("C:\Users\Alexander\AppData\Local\Programs\MiKTeX 2.9\tex/latex/breqn\mathstyl
e.sty"
Package: mathstyle 2017/01/27 0.98e Tracking mathstyle implicitly
LaTeX Info: Redefining \displaystyle on input line 93.
LaTeX Info: Redefining \textstyle on input line 95.
LaTeX Info: Redefining \scriptstyle on input line 97.
LaTeX Info: Redefining \scriptscriptstyle on input line 99.
))
("C:\Users\Alexander\AppData\Local\Programs\MiKTeX 2.9\tex/latex/tools\calc.sty
"
Package: calc 2017/05/25 v4.3 Infix arithmetic (KKT,FJ)
\calc@Acount=\count184
\calc@Bcount=\count185
\calc@Adimen=\dimen139
\calc@Bdimen=\dimen140
\calc@Askip=\skip50
\calc@Bskip=\skip51
LaTeX Info: Redefining \setlength on input line 80.
LaTeX Info: Redefining \addtolength on input line 81.
\calc@Ccount=\count186
\calc@Cskip=\skip52
)
\@emptytoks=\toks15
\inf@bad=\count187
\maxint=\count188
\listwidth=\dimen141
\eqnumsep=\dimen142
\eqmargin=\dimen143
\eqlinespacing=\skip53
\eqlineskip=\skip54
\eqlineskiplimit=\dimen144
\eqbinoffset=\muskip17
\eqdelimoffset=\muskip18
\eqindentstep=\dimen145
\eqstyle=\toks16
\eqbreakdepth=\count189
\eqinterlinepenalty=\count190
\intereqpenalty=\count191
\intereqskip=\skip55
\prerelpenalty=\count192
\prebinoppenalty=\count193
\Dmedmuskip=\muskip19
\Dthickmuskip=\muskip20
\eqleftskip=\skip56
\eqrightskip=\skip57
\eq@vspan=\skip58
\eq@binoffset=\muskip21
\EQ@box=\box45
\EQ@copy=\box46
\EQ@numbox=\box47
\eq@wdNum=\dimen146
\GRP@numbox=\box48
\grp@wdNum=\dimen147
\eq@lines=\count194
\eq@curline=\count195
\eq@badness=\count196
\EQ@vims=\count197
\eq@dp=\dimen148
\eq@wdL=\dimen149
\eq@wdT=\dimen150
\eq@wdMin=\dimen151
\grp@wdL=\dimen152
\grp@wdR=\dimen153
\grp@wdT=\dimen154
\eq@wdRmax=\dimen155
\eq@firstht=\dimen156
\eq@wdCond=\dimen157
\eq@indentstep=\dimen158
\eq@linewidth=\dimen159
\grp@linewidth=\dimen160
\eq@hshift=\dimen161
\eq@given@sidespace=\dimen162
\mathindent=\dimen163
\eq@final@linecount=\count198
\eq@wdR=\dimen164
\EQ@continue=\toks17
\lr@level=\count199
\GRP@queue=\toks18
\c@parentequation=\count266
\GRP@box=\box49
\GRP@wholebox=\box50
\darraycolsep=\skip59
\cur@row=\count267
\cur@col=\count268
\conditionsep=\skip60
)
("C:\Users\Alexander\AppData\Local\Programs\MiKTeX 2.9\tex/latex/microtype\micr
otype.sty"
Package: microtype 2018/01/14 v2.7a Micro-typographical refinements (RS)
\MT@toks=\toks19
\MT@count=\count269
LaTeX Info: Redefining \textls on input line 793.
\MT@outer@kern=\dimen165
LaTeX Info: Redefining \textmicrotypecontext on input line 1339.
\MT@listname@count=\count270

("C:\Users\Alexander\AppData\Local\Programs\MiKTeX 2.9\tex/latex/microtype\micr
otype-pdftex.def"
File: microtype-pdftex.def 2018/01/14 v2.7a Definitions specific to pdftex (RS)

LaTeX Info: Redefining \lsstyle on input line 913.
LaTeX Info: Redefining \lslig on input line 913.
\MT@outer@space=\skip61
)
Package microtype Info: Loading configuration file microtype.cfg.

("C:\Users\Alexander\AppData\Local\Programs\MiKTeX 2.9\tex/latex/microtype\micr
otype.cfg"
File: microtype.cfg 2018/01/14 v2.7a microtype main configuration file (RS)
))
("C:\Users\Alexander\AppData\Local\Programs\MiKTeX 2.9\tex/latex/makecell\makec
ell.sty"
Package: makecell 2009/08/03 V0.1e Managing of Tab Column Heads and Cells

("C:\Users\Alexander\AppData\Local\Programs\MiKTeX 2.9\tex/latex/tools\array.st
y"
Package: array 2018/12/30 v2.4k Tabular extension package (FMi)
\col@sep=\dimen166
\ar@mcellbox=\box51
\extrarowheight=\dimen167
\NC@list=\toks20
\extratabsurround=\skip62
\backup@length=\skip63
\ar@cellbox=\box52
)
\rotheadsize=\dimen168
\c@nlinenum=\count271
\TeXr@lab=\toks21
)
("C:\Users\Alexander\AppData\Local\Programs\MiKTeX 2.9\tex/latex/tools\longtabl
e.sty"
Package: longtable 2014/10/28 v4.11 Multi-page Table package (DPC)+ FMi change
\LTleft=\skip64
\LTright=\skip65
\LTpre=\skip66
\LTpost=\skip67
\LTchunksize=\count272
\LTcapwidth=\dimen169
\LT@head=\box53
\LT@firsthead=\box54
\LT@foot=\box55
\LT@lastfoot=\box56
\LT@cols=\count273
\LT@rows=\count274
\c@LT@tables=\count275
\c@LT@chunks=\count276
\LT@p@ftn=\toks22
)
("C:\Users\Alexander\AppData\Local\Programs\MiKTeX 2.9\tex/latex/tabu\tabu.sty"
Package: tabu 2019/01/11 v2.9 - flexible LaTeX tabulars (FC+tabu-fixed)

("C:\Users\Alexander\AppData\Local\Programs\MiKTeX 2.9\tex/latex/varwidth\varwi
dth.sty"
Package: varwidth 2009/03/30 ver 0.92;  Variable-width minipages
\@vwid@box=\box57
\sift@deathcycles=\count277
\@vwid@loff=\dimen170
\@vwid@roff=\dimen171
)
\c@taburow=\count278
\tabu@nbcols=\count279
\tabu@cnt=\count280
\tabu@Xcol=\count281
\tabu@alloc=\count282
\tabu@nested=\count283
\tabu@target=\dimen172
\tabu@spreadtarget=\dimen173
\tabu@naturalX=\dimen174
\tabucolX=\dimen175
\tabu@Xsum=\dimen176
\extrarowdepth=\dimen177
\abovetabulinesep=\dimen178
\belowtabulinesep=\dimen179
\tabustrutrule=\dimen180
\tabu@thebody=\toks23
\tabu@footnotes=\toks24
\tabu@box=\box58
\tabu@arstrutbox=\box59
\tabu@hleads=\box60
\tabu@vleads=\box61
\tabu@cellskip=\skip68
) (realref.sty
Package: realref 
)
("C:\Users\Alexander\AppData\Local\Programs\MiKTeX 2.9\tex/latex/amsfonts\amssy
mb.sty"
Package: amssymb 2013/01/14 v3.01 AMS font symbols

("C:\Users\Alexander\AppData\Local\Programs\MiKTeX 2.9\tex/latex/amsfonts\amsfo
nts.sty"
Package: amsfonts 2013/01/14 v3.01 Basic AMSFonts support
\symAMSa=\mathgroup4
\symAMSb=\mathgroup5
LaTeX Font Info:    Overwriting math alphabet `\mathfrak' in version `bold'
(Font)                  U/euf/m/n --> U/euf/b/n on input line 106.
))
("C:\Users\Alexander\AppData\Local\Programs\MiKTeX 2.9\tex/latex/anysize\anysiz
e.sty"
Package: anysize 1994/08/13 setting margin sizes

document style option `anysize' loaded
Michael Salzenberg, Thomas Esser, Dirk Hillbrecht
Version 1.0, Aug 13, 1994
\@Leftmargin=\dimen181
\@Rightmargin=\dimen182
\@Topmargin=\dimen183
\@Bottommargin=\dimen184
) (special-settings.sty) (ngerman.sty v2.5e 1998-07-08
Package: ngerman 1998/07/08 v2.5e Support for writing german texts (br)
\grmnU@D=\dimen185
ngerman -- \language number for naustrian undefined, default 45 used.
)
\@indexfile=\write3
\openout3 = `metamath.idx'.


Writing index file metamath.idx
(metamath.aux)
\openout1 = `metamath.aux'.

LaTeX Font Info:    Checking defaults for OML/cmm/m/it on input line 832.
LaTeX Font Info:    ... okay on input line 832.
LaTeX Font Info:    Checking defaults for T1/cmr/m/n on input line 832.
LaTeX Font Info:    ... okay on input line 832.
LaTeX Font Info:    Checking defaults for OT1/cmr/m/n on input line 832.
LaTeX Font Info:    ... okay on input line 832.
LaTeX Font Info:    Checking defaults for OMS/cmsy/m/n on input line 832.
LaTeX Font Info:    ... okay on input line 832.
LaTeX Font Info:    Checking defaults for OMX/cmex/m/n on input line 832.
LaTeX Font Info:    ... okay on input line 832.
LaTeX Font Info:    Checking defaults for U/cmr/m/n on input line 832.
LaTeX Font Info:    ... okay on input line 832.
LaTeX Font Info:    Checking defaults for PD1/pdf/m/n on input line 832.
LaTeX Font Info:    ... okay on input line 832.
\AtBeginShipoutBox=\box62
Package hyperref Info: Link coloring OFF on input line 832.

("C:\Users\Alexander\AppData\Local\Programs\MiKTeX 2.9\tex/latex/hyperref\namer
ef.sty"
Package: nameref 2016/05/21 v2.44 Cross-referencing by name of section

("C:\Users\Alexander\AppData\Local\Programs\MiKTeX 2.9\tex/generic/oberdiek\get
titlestring.sty"
Package: gettitlestring 2016/05/16 v1.5 Cleanup title references (HO)
)
\c@section@level=\count284
)
LaTeX Info: Redefining \ref on input line 832.
LaTeX Info: Redefining \pageref on input line 832.
LaTeX Info: Redefining \nameref on input line 832.
 (metamath.out) (metamath.out)
\@outlinefile=\write4
\openout4 = `metamath.out'.

LaTeX Info: Redefining \microtypecontext on input line 832.
Package microtype Info: Generating PDF output.
Package microtype Info: Character protrusion enabled (level 2).
Package microtype Info: Using default protrusion set `alltext'.
Package microtype Info: Automatic font expansion enabled (level 2),
(microtype)             stretch: 20, shrink: 20, step: 1, non-selected.
Package microtype Info: Using default expansion set `basictext'.
Package microtype Info: No adjustment of tracking.
Package microtype Info: No adjustment of interword spacing.
Package microtype Info: No adjustment of character kerning.

("C:\Users\Alexander\AppData\Local\Programs\MiKTeX 2.9\tex/latex/microtype\mt-c
mr.cfg"
File: mt-cmr.cfg 2013/05/19 v2.2 microtype config. file: Computer Modern Roman 
(RS)
)
LaTeX Info: Redefining \refstepcounter on input line 832.
LaTeX Info: Redefining \label on input line 832.
LaTeX Info: Redefining \pageref on input line 832.
LaTeX Info: Redefining \ref on input line 832.
 [1

{C:/Users/Alexander/AppData/Local/MiKTeX/2.9/pdftex/config/pdftex.map}]
LaTeX Font Info:    Try loading font information for U+msa on input line 881.

("C:\Users\Alexander\AppData\Local\Programs\MiKTeX 2.9\tex/latex/amsfonts\umsa.
fd"
File: umsa.fd 2013/01/14 v3.01 AMS symbols A
)
("C:\Users\Alexander\AppData\Local\Programs\MiKTeX 2.9\tex/latex/microtype\mt-m
sa.cfg"
File: mt-msa.cfg 2006/02/04 v1.1 microtype config. file: AMS symbols (a) (RS)
)
LaTeX Font Info:    Try loading font information for U+msb on input line 881.

("C:\Users\Alexander\AppData\Local\Programs\MiKTeX 2.9\tex/latex/amsfonts\umsb.
fd"
File: umsb.fd 2013/01/14 v3.01 AMS symbols B
)
("C:\Users\Alexander\AppData\Local\Programs\MiKTeX 2.9\tex/latex/microtype\mt-m
sb.cfg"
File: mt-msb.cfg 2005/06/01 v1.0 microtype config. file: AMS symbols (b) (RS)
)
Package microtype Info: Loading generic protrusion settings for font family
(microtype)             `cmtt' (encoding: OT1).
(microtype)             For optimal results, create family-specific settings.
(microtype)             See the microtype manual for details.
 [2] [3] [4

] (metamath.toc [5] [6]
LaTeX Font Info:    Try loading font information for OMS+cmtt on input line 108
.
LaTeX Font Info:    No file OMScmtt.fd. on input line 108.


LaTeX Font Warning: Font shape `OMS/cmtt/m/n' undefined
(Font)              using `OMS/cmsy/m/n' instead
(Font)              for symbol `textbraceleft' on input line 108.

[7] [8])
\tf@toc=\write5
\openout5 = `metamath.toc'.

 [9] [10

] [11] [12] [13] [14] [15] [16]
Overfull \hbox (1.58058pt too wide) in paragraph at lines 1097--1098
\OT1/cmr/m/n/10 (-20) Die ur-spr[]ung-li-che, un-ver[]offent-lich-te Ver-si-on 
die-ses Bu-ches wur-de 1997 geschrie-
 []

[17] [18] [19] [20]
Kapitel 1.
[1

] [2] [3] [4] [5] [6] [7] [8] [9] [10] [11] [12] [13] [14] [15] [16] [17]
[18] [19] [20] [21] [22] [23] [24] [25]
LaTeX Font Info:    Try loading font information for OMS+cmr on input line 1561
.

("C:\Users\Alexander\AppData\Local\Programs\MiKTeX 2.9\tex/latex/base\omscmr.fd
"
File: omscmr.fd 2014/09/29 v2.5h Standard LaTeX font definitions
)
LaTeX Font Info:    Font shape `OMS/cmr/m/n' in size <10> not available
(Font)              Font shape `OMS/cmsy/m/n' tried instead on input line 1561.

 [26] [27] [28] [29] [30] [31] [32]

Package hyperref Warning: Token not allowed in a PDF string (PDFDocEncoding):
(hyperref)                removing `\\' on input line 1686.

[33] [34] [35]
Overfull \hbox (0.52075pt too wide) in paragraph at lines 1783--1789
\OT1/cmr/m/n/10 (-20) Es gibt ei-ne Rei-he von M[]oglich-kei-ten, Me-ta-math[] 
f[]ur die Standard-Mathematik
 []

[36] [37] [38] [39] [40] [41] [42

]
Kapitel 2.
[43] [44] [45] [46]
Overfull \hbox (1.86288pt too wide) in paragraph at lines 1972--1974
[]\OT1/cmr/m/n/10 (-20) Um un-ser Axio-men-sys-tem in der Me-ta-math[]-Sprache 
aus-zu-dr[]ucken, m[]ussen
 []

[47] [48] [49] [50] [51] [52] [53] [54] [55] [56] [57] [58] [59] [60] [61]
[62] [63] [64]

Package hyperref Warning: Token not allowed in a PDF string (PDFDocEncoding):
(hyperref)                removing `\tolerance' on input line 2554.


Package hyperref Warning: Token not allowed in a PDF string (PDFDocEncoding):
(hyperref)                removing `\emergencystretch' on input line 2554.


Package hyperref Warning: Token not allowed in a PDF string (PDFDocEncoding):
(hyperref)                removing `\hfuzz' on input line 2554.


Package hyperref Warning: Token not allowed in a PDF string (PDFDocEncoding):
(hyperref)                removing `\p@' on input line 2554.


Package hyperref Warning: Token not allowed in a PDF string (PDFDocEncoding):
(hyperref)                removing `\vfuzz' on input line 2554.


Package hyperref Warning: Token not allowed in a PDF string (PDFDocEncoding):
(hyperref)                removing `\hfuzz' on input line 2554.

[65] [66]
Kapitel 3.
[67

] [68] [69] [70] [71] [72] [73] [74] [75] [76] [77] [78]
\mlinebox=\box63
\mtrialbox=\box64
\startprefix=\box65
\contprefix=\box66
\mystoreparindent=\skip69
\mystorehangindent=\skip70
 [79]

Package hyperref Warning: Token not allowed in a PDF string (PDFDocEncoding):
(hyperref)                removing `\\' on input line 2882.


Package hyperref Warning: Token not allowed in a PDF string (PDFDocEncoding):
(hyperref)                removing `\\' on input line 2964.

[80] [81] [82] [83] [84] [85] [86] [87] [88]
Overfull \hbox (3.02791pt too wide) in paragraph at lines 3425--3426
\OT1/cmr/m/n/10 (-20) Definition der \OT1/cmr/bx/n/10 ein-ge-schr[]ank-ten Exis
-tenz-quan-ti-fi-zie-rung\OT1/cmr/m/n/10 (-20) .[] Ender-ton, S. 22. 
 []

[89] [90] [91] [92] [93] [94] [95] [96] [97] [98] [99] [100] [101]

Package hyperref Warning: Token not allowed in a PDF string (PDFDocEncoding):
(hyperref)                removing `\\' on input line 4677.

[102]

Package hyperref Warning: Token not allowed in a PDF string (PDFDocEncoding):
(hyperref)                removing `\\' on input line 4681.

[103] [104] [105]
Overfull \hbox (7.64572pt too wide) in paragraph at lines 4758--4759
[]\OT1/cmr/m/n/10 (-20) In der gew[]ohn-li-chen Ma-the-ma-tik f[]uhrt nie-mand 
den Al-go-rith-mus tats[]achlich
 []

[106] [107] [108] [109] [110] [111]
Underfull \hbox (badness 10000) in paragraph at lines 4920--4920
[]\OT1/cmr/bx/n/10 ND-
 []


Underfull \hbox (badness 10000) in paragraph at lines 4920--4920
[]\OT1/cmr/bx/n/10 MPE-
 []


Underfull \hbox (badness 10000) in paragraph at lines 4920--4920
[]\OT1/cmr/bx/n/10 Uber-
 []


Underfull \hbox (badness 10000) in paragraph at lines 4920--4920
[]\OT1/cmr/bx/n/10 ND-
 []


Underfull \hbox (badness 10000) in paragraph at lines 4920--4920
\OT1/cmr/bx/n/10 Begr[]un-
 []


Underfull \hbox (badness 10000) in paragraph at lines 4920--4920
[]\OT1/cmr/bx/n/10 MPE-
 []


Underfull \hbox (badness 10000) in paragraph at lines 4920--4920
\OT1/cmr/bx/n/10 Begr[]un-
 []


Underfull \hbox (badness 10000) in paragraph at lines 4920--4920
[]\OT1/cmr/m/n/10 (+20) $e; \OT1/cmtt/m/n/10 adantr
 []


Underfull \hbox (badness 10000) in paragraph at lines 4920--4920
\OT1/cmr/m/n/10 (+20) Hypothese
 []


Underfull \hbox (badness 10000) in paragraph at lines 4920--4920
[]\OT1/cmr/m/n/10 (+20) $e; \OT1/cmtt/m/n/10 adantr
 []


Underfull \hbox (badness 10000) in paragraph at lines 4920--4920
\OT1/cmr/m/n/10 (+20) Hypothese
 []


Underfull \hbox (badness 10000) in paragraph at lines 4920--4920
[]\OT1/cmr/m/n/10 (+20) Annahme
 []


Underfull \hbox (badness 10000) in paragraph at lines 4920--4920
\OT1/cmr/m/n/10 (+20) der ND-
 []


Underfull \hbox (badness 10000) in paragraph at lines 4920--4920
[]\OT1/cmtt/m/n/10 pm2.65da
 []

[112] [113]
Underfull \hbox (badness 10000) in paragraph at lines 4968--4968
[]\OT1/cmr/bx/n/14.4 Erforschung der Mengenlehre-
 []

[114] [115] [116] [117] [118] [119] [120] [121]

Package hyperref Warning: Token not allowed in a PDF string (PDFDocEncoding):
(hyperref)                removing `\\' on input line 5274.

[122] [123] [124

]
Kapitel 4.
[125]
Overfull \hbox (0.96127pt too wide) in paragraph at lines 5334--5335
[]\OT1/cmr/m/n/10 (-20) Der n[]achs-te Ab-schnitt enth[]alt die vollst[]andi-ge
 Spe-zi-fi-ka-ti-on der Metamath-
 []

[126] [127] [128] [129] [130]
Overfull \hbox (0.85881pt too wide) in paragraph at lines 5513--5514
[]\OT1/cmr/m/n/10 (-20) Es gibt ei-ni-ge zus[]atz-li-che Schl[]usselw[]orter, g
e-nannt \OT1/cmr/bx/n/10 Hilfs-schl[]usselw[]orter[]\OT1/cmr/m/n/10 (-20) ,
 []

[131] [132] [133]
LaTeX Font Info:    Font shape `OT1/cmtt/bx/n' in size <12> not available
(Font)              Font shape `OT1/cmtt/m/n' tried instead on input line 5629.

 [134] [135] [136]
LaTeX Font Info:    Font shape `OT1/cmtt/bx/n' in size <10> not available
(Font)              Font shape `OT1/cmtt/m/n' tried instead on input line 5721.

 [137] [138] [139]
Overfull \hbox (0.97446pt too wide) in paragraph at lines 5857--5858
[]\OT1/cmr/m/n/10 (-20) Andererseits muss man bei der Einf[]uhrung von Axio-men
 (\OT1/cmtt/m/n/10 $a[]\OT1/cmr/m/n/10 (-20) -Anweisungen)
 []

[140] [141] [142] [143] [144] [145] [146] [147] [148]

LaTeX Font Warning: Font shape `OMS/cmtt/bx/n' undefined
(Font)              using `OMS/cmtt/m/n' instead
(Font)              for symbol `textbraceleft' on input line 6093.

[149]
Overfull \hbox (4.36978pt too wide) in paragraph at lines 6126--6127
[]\OT1/cmr/m/n/10 (-20) Jedem Block ist ei-ne Num-mer zu-ge-ord-net, die als se
i-ne \OT1/cmr/bx/n/10 Verschachtelungs-
 []

[150] [151] [152] [153] [154] [155] [156] [157] [158] [159]
Overfull \hbox (7.16833pt too wide) in paragraph at lines 6555--6555
[]     \OT1/cmtt/m/n/10 Axiom Chapter Claim Compare Conclusion Condition Conjec
ture[] 
 []


Overfull \hbox (1.91838pt too wide) in paragraph at lines 6555--6555
[]     \OT1/cmtt/m/n/10 Corollary Definition Equation Example Exercise Fact Fig
ure[] 
 []


Overfull \hbox (6.90584pt too wide) in paragraph at lines 6555--6555
[]     \OT1/cmtt/m/n/10 Observation Paragraph Part Postulate Problem Proof Prop
erty[] 
 []


Overfull \hbox (12.41829pt too wide) in paragraph at lines 6555--6555
[]     \OT1/cmtt/m/n/10 Proposition Remark Result Rule Scheme Scolia Scolion Se
ction[] 
 []

[160] [161] [162]
Underfull \hbox (badness 10000) in paragraph at lines 6644--6658

 []


Underfull \hbox (badness 10000) in paragraph at lines 6644--6658

 []


Underfull \hbox (badness 10000) in paragraph at lines 6644--6658

 []

[163]
Overfull \hbox (3.0432pt too wide) in paragraph at lines 6671--6672
[]\OT1/cmr/m/n/10 (-20) Im Fol-gen-den wer-den die ver-schie-de-nen m[]ogli-che
n \OT1/cmr/m/it/10 (-20) definition-type\OT1/cmr/m/n/10 (-20) -Optionen
 []

[164] [165] [166] [167] [168] [169] [170] [171] [172] [173] [174]
Overfull \hbox (4.33905pt too wide) in paragraph at lines 7040--7040
[]\OT1/cmr/bx/n/12 Zusammenfassung des Metamath-Ansatzes f[]ur De-
 []

[175] [176]
Kapitel 5.
[177

]
Overfull \hbox (16.613pt too wide) in paragraph at lines 7070--7071
\OT1/cmr/m/n/10 (-20) m[]ussen die um-ge-ben-den Anf[]uhrungs-zei-chen dop-pel-
te (nicht ein-fa-che) Anf[]uhrungs-
 []

[178] [179] [180] [181] [182] [183] [184] [185]
Overfull \hbox (0.85829pt too wide) in paragraph at lines 7343--7344
[]\OT1/cmtt/m/n/10 /join \OT1/cmr/m/n/10 (-20) - Im Fal-le ei-ner \OT1/cmtt/m/n
/10 $a\OT1/cmr/m/n/10 (-20) - oder \OT1/cmtt/m/n/10 $p\OT1/cmr/m/n/10 (-20) -An
weisung wer-den de-ren \OT1/cmtt/m/n/10 $e\OT1/cmr/m/n/10 (-20) -Hypothesen
 []


Overfull \hbox (4.18916pt too wide) in paragraph at lines 7360--7361
[]\OT1/cmtt/m/n/10 /all \OT1/cmr/m/n/10 (-20) - Der Be-weis-baum wird vor der A
n-zei-ge nicht von al-len \OT1/cmtt/m/n/10 $f\OT1/cmr/m/n/10 (-20) -Hypothesen
 []

[186] [187] [188] [189] [190]
Overfull \hbox (16.04155pt too wide) in paragraph at lines 7500--7501
\OT1/cmr/m/n/10 (-20) an-ge-ge-be-nen Schritt(e). \OT1/cmtt/m/n/10 delete float
ing_hypotheses\OT1/cmr/m/n/10 (-20) , dann \OT1/cmtt/m/n/10 initialize
 []

[191] [192] [193] [194] [195]
Overfull \hbox (6.94601pt too wide) in paragraph at lines 7683--7684
\OT1/cmtt/m/n/10 floating_hypotheses\OT1/cmr/m/n/10 (-20) , \OT1/cmtt/m/n/10 in
itialize all \OT1/cmr/m/n/10 (-20) und \OT1/cmtt/m/n/10 unify all /interactive 
\OT1/cmr/m/n/10 (-20) wird
 []

[196] [197] [198] [199]
Overfull \hbox (12.13252pt too wide) in paragraph at lines 7805--7806
\OT1/cmr/m/n/10 (-20) Die Aus-ga-be-da-tei erh[]alt f[]ur je-de []Uber-ein-stim
-mung den Na-men \OT1/cmr/m/it/10 (-20) label-match\OT1/cmtt/m/n/10 .html\OT1/c
mr/m/n/10 (-20) .
 []

[200] [201]
Overfull \hbox (2.26953pt too wide) in paragraph at lines 7884--7885
\OT1/cmr/m/n/10 (-20) um ei-ne ei-ge-ne Hil-fe, wie z. B. \OT1/cmtt/m/n/10 help
 add\OT1/cmr/m/n/10 (-20) . Wie bei der \OT1/cmtt/m/n/10 MM>\OT1/cmr/m/n/10 (-2
0) -Eingabeaufforderung
 []

[202] [203] [204] [205] [206

]
Anhang A.

Underfull \hbox (badness 10000) in paragraph at lines 8083--8083
[]\OT1/cmr/m/n/10 (+20) Die (boo-le-sche) wff-Variable
 []


Underfull \hbox (badness 10000) in paragraph at lines 8083--8083
\OT1/cmr/m/n/10 (+20) Psi, []ubli-cher-wei-se die zwei-te
 []


Underfull \hbox (badness 1221) in paragraph at lines 8083--8083
[]\OT1/cmr/m/n/10 (+20) Multiplikation kom-ple-xer Zah-len;
 []

[207] [208] [209] [210

]
Anhang B.
[211] [212] [213] [214

]
Anhang C.
[215] [216]
Overfull \hbox (3.07622pt too wide) in paragraph at lines 8337--8338
\OT1/cmr/m/n/8 (-20) kla-riert sind, und die Men-ge $[]$ den-je-ni-gen Sym-bo-l
en, die mit \OT1/cmtt/m/n/8 $v\OT1/cmr/m/n/8 (-20) -Anweisungen
 []

[217] [218]
Overfull \hbox (12.53218pt too wide) in paragraph at lines 8392--8393
[]\OT1/cmr/m/n/10 (-20) In ei-nem for-ma-len Sys-tem $ $ ist der \OT1/cmr/m/it/
10 (-20) Ab-schluss[][][][] \OT1/cmr/m/n/10 (-20) ei-ner Pr[]a-Aussage $\OMS/cm
sy/m/n/10 h\OML/cmm/m/it/10 D; T; H; A\OMS/cmsy/m/n/10 i$
 []

[219] [220]
Overfull \hbox (0.73705pt too wide) in paragraph at lines 8448--8451
[]$\OML/cmm/m/it/10 T \OT1/cmr/m/n/10 (-20) = \OMS/cmsy/m/n/10 fh[]\OML/cmm/m/i
t/10 '\OMS/cmsy/m/n/10 i\OML/cmm/m/it/10 ; \OMS/cmsy/m/n/10 h[]\OML/cmm/m/it/10
  \OMS/cmsy/m/n/10 i\OML/cmm/m/it/10 ; \OMS/cmsy/m/n/10 h[]\OML/cmm/m/it/10 \O
MS/cmsy/m/n/10 i\OML/cmm/m/it/10 ; []\OMS/cmsy/m/n/10 g$\OT1/cmr/m/n/10 (-20) ,
 d.h. die-je-ni-gen Aus-dr[]ucke der L[]ange
 []

[221]
LaTeX Font Info:    Try loading font information for U+euf on input line 8511.

("C:\Users\Alexander\AppData\Local\Programs\MiKTeX 2.9\tex/latex/amsfonts\ueuf.
fd"
File: ueuf.fd 2013/01/14 v3.01 Euler Fraktur
)
("C:\Users\Alexander\AppData\Local\Programs\MiKTeX 2.9\tex/latex/microtype\mt-e
uf.cfg"
File: mt-euf.cfg 2006/07/03 v1.1 microtype config. file: AMS Euler Fraktur (RS)

) [222] [223] [224] [225] [226] [227] [228] [229] [230] [231] [232]
[233] [234

]
Anhang D.
[235]
Overfull \hbox (1.91838pt too wide) in paragraph at lines 9008--9008
[]\OT1/cmtt/m/n/10 $( Ein beliebiger Satz, der mit "I" endet, bleibt auch dann 
ein[] 
 []


Overfull \hbox (7.16833pt too wide) in paragraph at lines 9008--9008
[]\OT1/cmtt/m/n/10 Satz, wenn ein "U" angehangt wird.  (Wir unterscheiden das 
Label[] 
 []

[236] [237] [238]
Anhang E.

Overfull \hbox (6.64334pt too wide) in paragraph at lines 9092--9092
[]\OT1/cmtt/m/n/10 /* Anweisung zum Einbinden von Dateien; behandelt eine Datei
 als[] 
 []


Overfull \hbox (7.16833pt too wide) in paragraph at lines 9092--9092
[]   \OT1/cmtt/m/n/10 (einen Teil einer) Datenbasis. Innerhalb des Dateinamens 
darf[] 
 []


Overfull \hbox (0.3434pt too wide) in paragraph at lines 9092--9092
[]\OT1/cmtt/m/n/10 /* Eine normale Anweisung kann sich in jedem Scope befinden.
 */[] 
 []

[239

]
Overfull \hbox (11.8933pt too wide) in paragraph at lines 9092--9092
[]\OT1/cmtt/m/n/10 /* Disjunkte Variablen. Einfache disjunkte Variableneinschr
ankung[] 
 []


Overfull \hbox (7.16833pt too wide) in paragraph at lines 9092--9092
[]   \OT1/cmtt/m/n/10 bestehen aus 2 Variables, d.h. "variable*" ist in diesem 
Fall[] 
 []


Overfull \hbox (0.8684pt too wide) in paragraph at lines 9092--9092
[]\OT1/cmtt/m/n/10 filename ::= MATH-SYMBOL /* enthalt kein Whitespace oder '$
' */[] 
 []

[240] [241] [242]
Anhang F.

Overfull \hbox (6.59091pt too wide) in paragraph at lines 9244--9244
 []\OT1/cmr/bx/n/10 Nr.| 
 []


Overfull \hbox (1.68268pt too wide) in paragraph at lines 9244--9244
 []\OT1/cmr/m/n/10 (-20) 10.| 
 []


Overfull \hbox (1.68268pt too wide) in paragraph at lines 9244--9244
 []\OT1/cmr/m/n/10 (-20) 11.| 
 []


Overfull \hbox (1.68268pt too wide) in paragraph at lines 9244--9244
 []\OT1/cmr/m/n/10 (-20) 14.| 
 []


Overfull \hbox (1.68268pt too wide) in paragraph at lines 9244--9244
 []\OT1/cmr/m/n/10 (-20) 15.| 
 []


Overfull \hbox (1.68268pt too wide) in paragraph at lines 9244--9244
 []\OT1/cmr/m/n/10 (-20) 17.| 
 []


Overfull \hbox (6.97672pt too wide) in paragraph at lines 9244--9244
[]\OT1/cmr/m/n/10 (-20) demoivreALT|  
 []


Overfull \hbox (1.68268pt too wide) in paragraph at lines 9244--9244
 []\OT1/cmr/m/n/10 (-20) 18.| 
 []


Overfull \hbox (1.68268pt too wide) in paragraph at lines 9244--9244
 []\OT1/cmr/m/n/10 (-20) 19.| 
 []


Overfull \hbox (1.93268pt too wide) in paragraph at lines 9244--9244
 []\OT1/cmr/m/n/10 (-20) 20.| 
 []


Overfull \hbox (1.93268pt too wide) in paragraph at lines 9244--9244
 []\OT1/cmr/m/n/10 (-20) 22.| 
 []


Overfull \hbox (1.93268pt too wide) in paragraph at lines 9244--9244
 []\OT1/cmr/m/n/10 (-20) 23.| 
 []


Overfull \hbox (1.93268pt too wide) in paragraph at lines 9244--9244
 []\OT1/cmr/m/n/10 (-20) 25.| 
 []


Overfull \hbox (1.93268pt too wide) in paragraph at lines 9244--9244
 []\OT1/cmr/m/n/10 (-20) 26.| 
 []


Overfull \hbox (1.93268pt too wide) in paragraph at lines 9244--9244
 []\OT1/cmr/m/n/10 (-20) 27.| 
 []


Overfull \hbox (1.93268pt too wide) in paragraph at lines 9244--9244
 []\OT1/cmr/m/n/10 (-20) 30.| 
 []


Overfull \hbox (1.93268pt too wide) in paragraph at lines 9244--9244
 []\OT1/cmr/m/n/10 (-20) 31.| 
 []


Overfull \hbox (1.93268pt too wide) in paragraph at lines 9244--9244
 []\OT1/cmr/m/n/10 (-20) 34.| 
 []


Overfull \hbox (1.93268pt too wide) in paragraph at lines 9244--9244
 []\OT1/cmr/m/n/10 (-20) 35.| 
 []


Overfull \hbox (1.93268pt too wide) in paragraph at lines 9244--9244
 []\OT1/cmr/m/n/10 (-20) 37.| 
 []


Overfull \hbox (1.93268pt too wide) in paragraph at lines 9244--9244
 []\OT1/cmr/m/n/10 (-20) 38.| 
 []


Overfull \hbox (1.93268pt too wide) in paragraph at lines 9244--9244
 []\OT1/cmr/m/n/10 (-20) 39.| 
 []


Overfull \hbox (8.76285pt too wide) in paragraph at lines 9244--9244
[]\OT1/cmr/m/n/10 (-20) rmxycomplete|  
 []


Overfull \hbox (1.83267pt too wide) in paragraph at lines 9244--9244
 []\OT1/cmr/m/n/10 (-20) 42.| 
 []


Overfull \hbox (1.83267pt too wide) in paragraph at lines 9244--9244
 []\OT1/cmr/m/n/10 (-20) 44.| 
 []


Overfull \hbox (1.83267pt too wide) in paragraph at lines 9244--9244
 []\OT1/cmr/m/n/10 (-20) 45.| 
 []


Overfull \hbox (1.83267pt too wide) in paragraph at lines 9244--9244
 []\OT1/cmr/m/n/10 (-20) 46.| 
 []


Overfull \hbox (1.83267pt too wide) in paragraph at lines 9244--9244
 []\OT1/cmr/m/n/10 (-20) 48.| 
 []


Overfull \hbox (1.83267pt too wide) in paragraph at lines 9244--9244
 []\OT1/cmr/m/n/10 (-20) 49.| 
 []


Overfull \hbox (12.81342pt too wide) in paragraph at lines 9244--9244
[]\OT1/cmr/m/n/10 (-20) cayleyhamilton|  
 []


Overfull \hbox (2.18268pt too wide) in paragraph at lines 9244--9244
 []\OT1/cmr/m/n/10 (-20) 51.| 
 []


Overfull \hbox (2.18268pt too wide) in paragraph at lines 9244--9244
 []\OT1/cmr/m/n/10 (-20) 52.| 
 []


Overfull \hbox (2.18268pt too wide) in paragraph at lines 9244--9244
 []\OT1/cmr/m/n/10 (-20) 54.| 
 []


Overfull \hbox (2.18268pt too wide) in paragraph at lines 9244--9244
 []\OT1/cmr/m/n/10 (-20) 55.| 
 []


Overfull \hbox (2.18268pt too wide) in paragraph at lines 9244--9244
 []\OT1/cmr/m/n/10 (-20) 57.| 
 []


Overfull \hbox (2.18268pt too wide) in paragraph at lines 9244--9244
 []\OT1/cmr/m/n/10 (-20) 58.| 
 []


Overfull \hbox (2.18268pt too wide) in paragraph at lines 9244--9244
 []\OT1/cmr/m/n/10 (-20) 60.| 
 []


Overfull \hbox (2.18268pt too wide) in paragraph at lines 9244--9244
 []\OT1/cmr/m/n/10 (-20) 61.| 
 []


Overfull \hbox (2.18268pt too wide) in paragraph at lines 9244--9244
 []\OT1/cmr/m/n/10 (-20) 63.| 
 []


Overfull \hbox (2.18268pt too wide) in paragraph at lines 9244--9244
 []\OT1/cmr/m/n/10 (-20) 64.| 
 []


Overfull \hbox (2.18268pt too wide) in paragraph at lines 9244--9244
 []\OT1/cmr/m/n/10 (-20) 65.| 
 []


Overfull \hbox (2.18268pt too wide) in paragraph at lines 9244--9244
 []\OT1/cmr/m/n/10 (-20) 66.| 
 []


Overfull \hbox (2.18268pt too wide) in paragraph at lines 9244--9244
 []\OT1/cmr/m/n/10 (-20) 67.| 
 []


Overfull \hbox (2.18268pt too wide) in paragraph at lines 9244--9244
 []\OT1/cmr/m/n/10 (-20) 68.| 
 []


Overfull \hbox (2.18268pt too wide) in paragraph at lines 9244--9244
 []\OT1/cmr/m/n/10 (-20) 69.| 
 []


Overfull \hbox (1.93268pt too wide) in paragraph at lines 9244--9244
 []\OT1/cmr/m/n/10 (-20) 70.| 
 []


Overfull \hbox (1.93268pt too wide) in paragraph at lines 9244--9244
 []\OT1/cmr/m/n/10 (-20) 71.| 
 []


Overfull \hbox (1.93268pt too wide) in paragraph at lines 9244--9244
 []\OT1/cmr/m/n/10 (-20) 72.| 
 []


Overfull \hbox (1.93268pt too wide) in paragraph at lines 9244--9244
 []\OT1/cmr/m/n/10 (-20) 73.| 
 []


Overfull \hbox (1.93268pt too wide) in paragraph at lines 9244--9244
 []\OT1/cmr/m/n/10 (-20) 74.| 
 []


Overfull \hbox (1.93268pt too wide) in paragraph at lines 9244--9244
 []\OT1/cmr/m/n/10 (-20) 75.| 
 []


Overfull \hbox (1.93268pt too wide) in paragraph at lines 9244--9244
 []\OT1/cmr/m/n/10 (-20) 76.| 
 []


Overfull \hbox (1.93268pt too wide) in paragraph at lines 9244--9244
 []\OT1/cmr/m/n/10 (-20) 77.| 
 []


Overfull \hbox (0.6234pt too wide) in paragraph at lines 9244--9244
[]\OT1/cmr/m/n/10 (-20) fsumkthpow|  
 []


Overfull \hbox (1.93268pt too wide) in paragraph at lines 9244--9244
 []\OT1/cmr/m/n/10 (-20) 78.| 
 []


Overfull \hbox (1.93268pt too wide) in paragraph at lines 9244--9244
 []\OT1/cmr/m/n/10 (-20) 79.| 
 []


Overfull \hbox (2.18268pt too wide) in paragraph at lines 9244--9244
 []\OT1/cmr/m/n/10 (-20) 80.| 
 []


Overfull \hbox (2.18268pt too wide) in paragraph at lines 9244--9244
 []\OT1/cmr/m/n/10 (-20) 81.| 
 []


Overfull \hbox (2.18268pt too wide) in paragraph at lines 9244--9244
 []\OT1/cmr/m/n/10 (-20) 83.| 
 []


Overfull \hbox (2.18268pt too wide) in paragraph at lines 9244--9244
 []\OT1/cmr/m/n/10 (-20) 85.| 
 []


Overfull \hbox (2.18268pt too wide) in paragraph at lines 9244--9244
 []\OT1/cmr/m/n/10 (-20) 86.| 
 []


Overfull \hbox (2.18268pt too wide) in paragraph at lines 9244--9244
 []\OT1/cmr/m/n/10 (-20) 87.| 
 []


Overfull \hbox (2.18268pt too wide) in paragraph at lines 9244--9244
 []\OT1/cmr/m/n/10 (-20) 88.| 
 []


Overfull \hbox (2.18268pt too wide) in paragraph at lines 9244--9244
 []\OT1/cmr/m/n/10 (-20) 89.| 
 []


Overfull \hbox (2.18268pt too wide) in paragraph at lines 9244--9244
 []\OT1/cmr/m/n/10 (-20) 90.| 
 []


Overfull \hbox (2.18268pt too wide) in paragraph at lines 9244--9244
 []\OT1/cmr/m/n/10 (-20) 91.| 
 []


Overfull \hbox (2.18268pt too wide) in paragraph at lines 9244--9244
 []\OT1/cmr/m/n/10 (-20) 93.| 
 []


Overfull \hbox (2.18268pt too wide) in paragraph at lines 9244--9244
 []\OT1/cmr/m/n/10 (-20) 94.| 
 []


Overfull \hbox (2.18268pt too wide) in paragraph at lines 9244--9244
 []\OT1/cmr/m/n/10 (-20) 95.| 
 []


Overfull \hbox (2.18268pt too wide) in paragraph at lines 9244--9244
 []\OT1/cmr/m/n/10 (-20) 96.| 
 []


Overfull \hbox (2.18268pt too wide) in paragraph at lines 9244--9244
 []\OT1/cmr/m/n/10 (-20) 97.| 
 []


Overfull \hbox (2.18268pt too wide) in paragraph at lines 9244--9244
 []\OT1/cmr/m/n/10 (-20) 98.| 
 []

[243

] [244] [245] [246] [247] [248

]
Anhang G.
[249] [250] [251] [252] [253] [254] [255] [256] [257] [258] [259] [260]
[261] [262] [263] [264] [265] [266] [267] [268] (metamath.bbl [269


] [270]
[271] [272] [273]) [274] (metamath.ind [275


] [276] [277] [278] [279] [280]
[281] [282] [283] [284

])
Package atveryend Info: Empty hook `BeforeClearDocument' on input line 10087.
Package atveryend Info: Empty hook `AfterLastShipout' on input line 10087.
 (metamath.aux)
Package atveryend Info: Executing hook `AtVeryEndDocument' on input line 10087.

Package atveryend Info: Executing hook `AtEndAfterFileList' on input line 10087
.
Package rerunfilecheck Info: File `metamath.out' has not changed.
(rerunfilecheck)             Checksum: F98DB5C74C5E0F87E51933D9971D4F66;14299.


LaTeX Font Warning: Some font shapes were not available, defaults substituted.

Package atveryend Info: Empty hook `AtVeryVeryEnd' on input line 10087.
 ) 
Here is how much of TeX's memory you used:
 20139 strings out of 492946
 335599 string characters out of 3124490
 605026 words of memory out of 3000000
 22712 multiletter control sequences out of 15000+200000
 559001 words of font info for 238 fonts, out of 3000000 for 9000
 1141 hyphenation exceptions out of 8191
 41i,29n,63p,3461b,616s stack positions out of 5000i,500n,10000p,200000b,50000s
<C:/Users/Alexander/AppData/Local/Programs/MiKTeX 2.9/fonts/type1/public/amsf
onts/cm/cmbx10.pfb><C:/Users/Alexander/AppData/Local/Programs/MiKTeX 2.9/fonts/
type1/public/amsfonts/cm/cmbx12.pfb><C:/Users/Alexander/AppData/Local/Programs/
MiKTeX 2.9/fonts/type1/public/amsfonts/cm/cmbx7.pfb><C:/Users/Alexander/AppData
/Local/Programs/MiKTeX 2.9/fonts/type1/public/amsfonts/cm/cmbx8.pfb><C:/Users/A
lexander/AppData/Local/Programs/MiKTeX 2.9/fonts/type1/public/amsfonts/cm/cmcsc
10.pfb><C:/Users/Alexander/AppData/Local/Programs/MiKTeX 2.9/fonts/type1/public
/amsfonts/cm/cmex10.pfb><C:/Users/Alexander/AppData/Local/Programs/MiKTeX 2.9/f
onts/type1/public/amsfonts/cm/cmitt10.pfb><C:/Users/Alexander/AppData/Local/Pro
grams/MiKTeX 2.9/fonts/type1/public/amsfonts/cm/cmmi10.pfb><C:/Users/Alexander/
AppData/Local/Programs/MiKTeX 2.9/fonts/type1/public/amsfonts/cm/cmmi6.pfb><C:/
Users/Alexander/AppData/Local/Programs/MiKTeX 2.9/fonts/type1/public/amsfonts/c
m/cmmi7.pfb><C:/Users/Alexander/AppData/Local/Programs/MiKTeX 2.9/fonts/type1/p
ublic/amsfonts/cm/cmmi8.pfb><C:/Users/Alexander/AppData/Local/Programs/MiKTeX 2
.9/fonts/type1/public/amsfonts/cm/cmr10.pfb><C:/Users/Alexander/AppData/Local/P
rograms/MiKTeX 2.9/fonts/type1/public/amsfonts/cm/cmr12.pfb><C:/Users/Alexander
/AppData/Local/Programs/MiKTeX 2.9/fonts/type1/public/amsfonts/cm/cmr6.pfb><C:/
Users/Alexander/AppData/Local/Programs/MiKTeX 2.9/fonts/type1/public/amsfonts/c
m/cmr7.pfb><C:/Users/Alexander/AppData/Local/Programs/MiKTeX 2.9/fonts/type1/pu
blic/amsfonts/cm/cmr8.pfb><C:/Users/Alexander/AppData/Local/Programs/MiKTeX 2.9
/fonts/type1/public/amsfonts/cm/cmsl10.pfb><C:/Users/Alexander/AppData/Local/Pr
ograms/MiKTeX 2.9/fonts/type1/public/amsfonts/cm/cmsl8.pfb><C:/Users/Alexander/
AppData/Local/Programs/MiKTeX 2.9/fonts/type1/public/amsfonts/cm/cmsy10.pfb><C:
/Users/Alexander/AppData/Local/Programs/MiKTeX 2.9/fonts/type1/public/amsfonts/
cm/cmsy6.pfb><C:/Users/Alexander/AppData/Local/Programs/MiKTeX 2.9/fonts/type1/
public/amsfonts/cm/cmsy7.pfb><C:/Users/Alexander/AppData/Local/Programs/MiKTeX 
2.9/fonts/type1/public/amsfonts/cm/cmsy8.pfb><C:/Users/Alexander/AppData/Local/
Programs/MiKTeX 2.9/fonts/type1/public/amsfonts/cm/cmti10.pfb><C:/Users/Alexand
er/AppData/Local/Programs/MiKTeX 2.9/fonts/type1/public/amsfonts/cm/cmti8.pfb><
C:/Users/Alexander/AppData/Local/Programs/MiKTeX 2.9/fonts/type1/public/amsfont
s/cm/cmtt10.pfb><C:/Users/Alexander/AppData/Local/Programs/MiKTeX 2.9/fonts/typ
e1/public/amsfonts/cm/cmtt12.pfb><C:/Users/Alexander/AppData/Local/Programs/MiK
TeX 2.9/fonts/type1/public/amsfonts/cm/cmtt8.pfb><C:/Users/Alexander/AppData/Lo
cal/Programs/MiKTeX 2.9/fonts/type1/public/amsfonts/euler/eufm10.pfb><C:/Users/
Alexander/AppData/Local/Programs/MiKTeX 2.9/fonts/type1/public/amsfonts/symbols
/msam10.pfb><C:/Users/Alexander/AppData/Local/Programs/MiKTeX 2.9/fonts/type1/p
ublic/amsfonts/symbols/msbm10.pfb><C:/Users/Alexander/AppData/Local/Programs/Mi
KTeX 2.9/fonts/type1/public/amsfonts/symbols/msbm7.pfb>
Output written on metamath.pdf (304 pages, 1925701 bytes).
PDF statistics:
 4835 PDF objects out of 5155 (max. 8388607)
 889 named destinations out of 1000 (max. 500000)
 28585 words of extra memory for PDF output out of 29859 (max. 10000000)

